<?xml version="1.0" encoding="UTF-8"?>
<!-- Generated by org.testng.reporters.JUnitXMLReporter -->
<testsuite hostname="DESKTOP-JAREUA0" name="Default test" tests="3" failures="0" timestamp="19 May 2020 11:33:34 GMT" time="20.59" errors="0">
  <testcase name="test1" time="16.479" classname="org.adacting.AdactExecutable"/>
  <testcase name="test2" time="2.549" classname="org.adacting.AdactExecutable"/>
  <testcase name="test2" time="1.539" classname="org.adacting.AdactExecutable"/>
</testsuite> <!-- Default test -->
