<?xml version="1.0" encoding="UTF-8"?>
<!-- Generated by org.testng.reporters.JUnitXMLReporter -->
<testsuite hostname="DESKTOP-JAREUA0" name="Test" tests="13" failures="0" timestamp="19 May 2020 08:37:46 GMT" time="0.059" errors="0">
  <testcase name="fill" time="0.0" classname="org.adacting.BaseLogin">
    <skipped/>
  </testcase> <!-- fill -->
  <testcase name="klick" time="0.0" classname="org.adacting.BaseLogin">
    <skipped/>
  </testcase> <!-- klick -->
  <testcase name="launch" time="0.0" classname="org.adacting.BaseLogin">
    <skipped/>
  </testcase> <!-- launch -->
  <testcase name="select" time="0.0" classname="org.adacting.BaseLogin">
    <skipped/>
  </testcase> <!-- select -->
  <testcase name="fill" time="0.0" classname="org.adacting.AdactingLogin">
    <skipped/>
  </testcase> <!-- fill -->
  <testcase name="klick" time="0.0" classname="org.adacting.AdactingLogin">
    <skipped/>
  </testcase> <!-- klick -->
  <testcase name="launch" time="0.0" classname="org.adacting.AdactingLogin">
    <skipped/>
  </testcase> <!-- launch -->
  <testcase name="select" time="0.0" classname="org.adacting.AdactingLogin">
    <skipped/>
  </testcase> <!-- select -->
  <testcase name="main" time="0.0" classname="org.adacting.AdactExecutable">
    <skipped/>
  </testcase> <!-- main -->
  <testcase name="fill" time="0.0" classname="org.adacting.AdactExecutable">
    <skipped/>
  </testcase> <!-- fill -->
  <testcase name="klick" time="0.0" classname="org.adacting.AdactExecutable">
    <skipped/>
  </testcase> <!-- klick -->
  <testcase name="launch" time="0.0" classname="org.adacting.AdactExecutable">
    <skipped/>
  </testcase> <!-- launch -->
  <testcase name="select" time="0.0" classname="org.adacting.AdactExecutable">
    <skipped/>
  </testcase> <!-- select -->
</testsuite> <!-- Test -->
